<?xml version="1.0" encoding="UTF-8"?>
<!-- Generated by org.testng.reporters.JUnitReportReporter -->
<testsuite hostname="RU1207211827" name="com.example.tests.ContactRemovalTests" tests="1" failures="1" timestamp="10 Jul 2015 10:17:17 GMT" time="0.004" errors="0">
  <testcase name="deleteSomeContact" time="0.004" classname="com.example.tests.ContactRemovalTests">
    <failure type="java.lang.Error" message="Unresolved compilation problems: 
	Bound mismatch: The generic method sort(List&lt;T&gt;) of type Collections is not applicable for the arguments (List&lt;ContacnData&gt;). The inferred type ContacnData is not a valid substitute for the bounded parameter &lt;T extends Comparable&lt;? super T&gt;&gt;
	Bound mismatch: The generic method sort(List&lt;T&gt;) of type Collections is not applicable for the arguments (List&lt;ContacnData&gt;). The inferred type ContacnData is not a valid substitute for the bounded parameter &lt;T extends Comparable&lt;? super T&gt;&gt;
">
      <![CDATA[java.lang.Error: Unresolved compilation problems: 
	Bound mismatch: The generic method sort(List<T>) of type Collections is not applicable for the arguments (List<ContacnData>). The inferred type ContacnData is not a valid substitute for the bounded parameter <T extends Comparable<? super T>>
	Bound mismatch: The generic method sort(List<T>) of type Collections is not applicable for the arguments (List<ContacnData>). The inferred type ContacnData is not a valid substitute for the bounded parameter <T extends Comparable<? super T>>

	at com.example.tests.ContactRemovalTests.deleteSomeContact(ContactRemovalTests.java:26)
	at sun.reflect.NativeMethodAccessorImpl.invoke0(Native Method)
	at sun.reflect.NativeMethodAccessorImpl.invoke(Unknown Source)
	at sun.reflect.DelegatingMethodAccessorImpl.invoke(Unknown Source)
	at java.lang.reflect.Method.invoke(Unknown Source)
	at org.testng.internal.MethodInvocationHelper.invokeMethod(MethodInvocationHelper.java:84)
	at org.testng.internal.Invoker.invokeMethod(Invoker.java:714)
	at org.testng.internal.Invoker.invokeTestMethod(Invoker.java:901)
	at org.testng.internal.Invoker.invokeTestMethods(Invoker.java:1231)
	at org.testng.internal.TestMethodWorker.invokeTestMethods(TestMethodWorker.java:127)
	at org.testng.internal.TestMethodWorker.run(TestMethodWorker.java:111)
	at org.testng.TestRunner.privateRun(TestRunner.java:767)
	at org.testng.TestRunner.run(TestRunner.java:617)
	at org.testng.SuiteRunner.runTest(SuiteRunner.java:334)
	at org.testng.SuiteRunner.runSequentially(SuiteRunner.java:329)
	at org.testng.SuiteRunner.privateRun(SuiteRunner.java:291)
	at org.testng.SuiteRunner.run(SuiteRunner.java:240)
	at org.testng.SuiteRunnerWorker.runSuite(SuiteRunnerWorker.java:52)
	at org.testng.SuiteRunnerWorker.run(SuiteRunnerWorker.java:86)
	at org.testng.TestNG.runSuitesSequentially(TestNG.java:1224)
	at org.testng.TestNG.runSuitesLocally(TestNG.java:1149)
	at org.testng.TestNG.run(TestNG.java:1057)
	at org.testng.remote.RemoteTestNG.run(RemoteTestNG.java:111)
	at org.testng.remote.RemoteTestNG.initAndRun(RemoteTestNG.java:204)
	at org.testng.remote.RemoteTestNG.main(RemoteTestNG.java:175)
]]>
    </failure>
  </testcase> <!-- deleteSomeContact -->
</testsuite> <!-- com.example.tests.ContactRemovalTests -->
