<?xml version="1.0" encoding="UTF-8"?>
<!-- Generated by org.testng.reporters.JUnitReportReporter -->
<testsuite hostname="RU1207211810" name="com.example.tests.GroupCreationTests" tests="6" failures="0" timestamp="8 Jul 2015 13:14:43 GMT" time="7.836" errors="0">
  <testcase name="testGroupCreationValidData" time="1.250" classname="com.example.tests.GroupCreationTests"/>
  <testcase name="testEmptyGroupCreation" time="1.493" classname="com.example.tests.GroupCreationTests"/>
  <testcase name="testGroupCreationValidData" time="1.231" classname="com.example.tests.GroupCreationTests"/>
  <testcase name="testGroupCreationValidData" time="1.246" classname="com.example.tests.GroupCreationTests"/>
  <testcase name="testGroupCreationValidData" time="1.242" classname="com.example.tests.GroupCreationTests"/>
  <testcase name="testGroupCreationValidData" time="1.374" classname="com.example.tests.GroupCreationTests"/>
</testsuite> <!-- com.example.tests.GroupCreationTests -->
