<?xml version="1.0" encoding="UTF-8"?>
<!-- Generated by org.testng.reporters.JUnitReportReporter -->
<testsuite hostname="RU1207211827" name="com.example.tests.GroupCreationTests" tests="6" failures="0" timestamp="13 Jul 2015 07:31:30 GMT" time="10.246" errors="0">
  <testcase name="testGroupCreationValidData" time="1.665" classname="com.example.tests.GroupCreationTests"/>
  <testcase name="testGroupCreationValidData" time="1.566" classname="com.example.tests.GroupCreationTests"/>
  <testcase name="testEmptyGroupCreation" time="1.932" classname="com.example.tests.GroupCreationTests"/>
  <testcase name="testGroupCreationValidData" time="1.903" classname="com.example.tests.GroupCreationTests"/>
  <testcase name="testGroupCreationValidData" time="1.557" classname="com.example.tests.GroupCreationTests"/>
  <testcase name="testGroupCreationValidData" time="1.623" classname="com.example.tests.GroupCreationTests"/>
</testsuite> <!-- com.example.tests.GroupCreationTests -->
