<?xml version="1.0" encoding="UTF-8"?>
<!-- Generated by org.testng.reporters.JUnitReportReporter -->
<testsuite hostname="RU1207211827" name="com.example.tests.GroupRemovalTests" tests="1" failures="0" timestamp="10 Jul 2015 12:18:31 GMT" time="2.045" errors="0">
  <testcase name="deleteSomeGroup" time="2.045" classname="com.example.tests.GroupRemovalTests"/>
</testsuite> <!-- com.example.tests.GroupRemovalTests -->
