<?xml version="1.0" encoding="UTF-8"?>
<!-- Generated by org.testng.reporters.JUnitReportReporter -->
<testsuite hostname="RU1207211827" name="com.example.tests.ContactRemovalTests" tests="1" failures="0" timestamp="10 Jul 2015 12:16:50 GMT" time="9.404" errors="0">
  <testcase name="deleteSomeContact" time="9.404" classname="com.example.tests.ContactRemovalTests"/>
</testsuite> <!-- com.example.tests.ContactRemovalTests -->
