<?xml version="1.0" encoding="UTF-8"?>
<!-- Generated by org.testng.reporters.JUnitReportReporter -->
<testsuite hostname="RU1207211810" name="com.example.tests.ContactModificationTests" tests="1" failures="0" timestamp="7 Jul 2015 07:26:02 GMT" time="0.977" errors="0">
  <testcase name="modifySomeContact" time="0.977" classname="com.example.tests.ContactModificationTests"/>
</testsuite> <!-- com.example.tests.ContactModificationTests -->
