<?xml version="1.0" encoding="UTF-8"?>
<!-- Generated by org.testng.reporters.JUnitReportReporter -->
<testsuite hostname="RU1207211810" name="com.example.tests.GroupModificationTests" tests="1" failures="0" timestamp="6 Jul 2015 13:36:17 GMT" time="20.406" errors="0">
  <testcase name="modifySomeGroup" time="20.406" classname="com.example.tests.GroupModificationTests"/>
</testsuite> <!-- com.example.tests.GroupModificationTests -->
