<?xml version="1.0" encoding="UTF-8"?>
<!-- Generated by org.testng.reporters.JUnitReportReporter -->
<testsuite hostname="RU1207211810" name="com.example.tests.ContactsCreationTests" tests="2" failures="0" timestamp="6 Jul 2015 08:49:58 GMT" time="3.036" errors="0">
  <testcase name="testEmptyContactCreation" time="1.576" classname="com.example.tests.ContactsCreationTests"/>
  <testcase name="testNonEmptyContactCreation" time="1.460" classname="com.example.tests.ContactsCreationTests"/>
</testsuite> <!-- com.example.tests.ContactsCreationTests -->
