<?xml version="1.0" encoding="UTF-8"?>
<!-- Generated by org.testng.reporters.JUnitReportReporter -->
<testsuite hostname="RU1207211810" name="com.example.tests.ContactsCreationTests" tests="2" failures="0" timestamp="24 Jun 2015 14:42:26 GMT" time="2.960" errors="0">
  <testcase name="testEmptyContactCreation" time="1.490" classname="com.example.tests.ContactsCreationTests"/>
  <testcase name="testNonEmptyContactCreation" time="1.470" classname="com.example.tests.ContactsCreationTests"/>
</testsuite> <!-- com.example.tests.ContactsCreationTests -->
