<?xml version="1.0" encoding="UTF-8"?>
<!-- Generated by org.testng.reporters.JUnitReportReporter -->
<testsuite hostname="RU1207211810" name="com.example.tests.ContactsCreationTests" tests="2" failures="0" timestamp="24 Jun 2015 12:30:30 GMT" time="2.390" errors="0">
  <testcase name="testNonEmptyGroupCreation" time="1.250" classname="com.example.tests.ContactsCreationTests"/>
  <testcase name="testEmptyGroupCreation" time="1.140" classname="com.example.tests.ContactsCreationTests"/>
</testsuite> <!-- com.example.tests.ContactsCreationTests -->
