<?xml version="1.0" encoding="UTF-8"?>
<!-- Generated by org.testng.reporters.JUnitReportReporter -->
<testsuite hostname="RU1207211810" name="com.example.tests.GroupCreationTests" tests="2" failures="0" timestamp="24 Jun 2015 12:30:30 GMT" time="2.376" errors="0">
  <testcase name="testEmptyGroupCreation" time="1.156" classname="com.example.tests.GroupCreationTests"/>
  <testcase name="testNonEmptyGroupCreation" time="1.220" classname="com.example.tests.GroupCreationTests"/>
</testsuite> <!-- com.example.tests.GroupCreationTests -->
