<?xml version="1.0" encoding="UTF-8"?>
<!-- Generated by org.testng.reporters.JUnitReportReporter -->
<testsuite hostname="RU1207211810" name="com.example.tests.GroupRemovalTests" tests="1" failures="0" timestamp="6 Jul 2015 13:03:02 GMT" time="0.910" errors="0">
  <testcase name="deleteSomeGroup" time="0.910" classname="com.example.tests.GroupRemovalTests"/>
</testsuite> <!-- com.example.tests.GroupRemovalTests -->
