<?xml version="1.0" encoding="UTF-8"?>
<!-- Generated by org.testng.reporters.JUnitReportReporter -->
<testsuite hostname="RU1207211810" name="com.example.tests.GroupCreationTests" tests="2" failures="0" timestamp="6 Jul 2015 08:49:58 GMT" time="1.928" errors="0">
  <testcase name="testEmptyGroupCreation" time="0.978" classname="com.example.tests.GroupCreationTests"/>
  <testcase name="testNonEmptyGroupCreation" time="0.950" classname="com.example.tests.GroupCreationTests"/>
</testsuite> <!-- com.example.tests.GroupCreationTests -->
